<?xml version="1.0" encoding="UTF-8"?>
<testsuite name="CinemaTests" tests="1" skipped="0" failures="0" errors="0" timestamp="2022-03-16T20:23:30" hostname="PC" time="1.636">
  <properties/>
  <testcase name="start" classname="CinemaTests" time="1.636"/>
  <system-out><![CDATA[?[1;31m
Start test 1?[0m

  .   ____          _            __ _ _
 /\\ / ___'_ __ _ _(_)_ __  __ _ \ \ \ \
( ( )\___ | '_ | '_| | '_ \/ _` | \ \ \ \
 \\/  ___)| |_)| | | | | || (_| |  ) ) ) )
  '  |____| .__|_| |_|_| |_\__, | / / / /
 =========|_|==============|___/=/_/_/_/
 :: Spring Boot ::                (v2.5.6)

2022-03-16 20:23:30.973  INFO 167142 --- [    Test worker] cinema.Main                              : Starting Main using Java 17.0.1 on PC with PID 167142 (started by jed in /home/jed/IdeaProjects/Cinema Room REST Service/Cinema Room REST Service/task)
2022-03-16 20:23:30.975  INFO 167142 --- [    Test worker] cinema.Main                              : No active profile set, falling back to default profiles: default
2022-03-16 20:23:31.616  INFO 167142 --- [    Test worker] o.s.b.w.embedded.tomcat.TomcatWebServer  : Tomcat initialized with port(s): 28852 (http)
2022-03-16 20:23:31.621  INFO 167142 --- [    Test worker] o.apache.catalina.core.StandardService   : Starting service [Tomcat]
2022-03-16 20:23:31.622  INFO 167142 --- [    Test worker] org.apache.catalina.core.StandardEngine  : Starting Servlet engine: [Apache Tomcat/9.0.54]
2022-03-16 20:23:31.660  INFO 167142 --- [    Test worker] o.a.c.c.C.[Tomcat].[localhost].[/]       : Initializing Spring embedded WebApplicationContext
2022-03-16 20:23:31.660  INFO 167142 --- [    Test worker] w.s.c.ServletWebServerApplicationContext : Root WebApplicationContext: initialization completed in 658 ms
2022-03-16 20:23:31.872  INFO 167142 --- [    Test worker] o.s.b.a.w.s.WelcomePageHandlerMapping    : Adding welcome page: class path resource [static/index.html]
2022-03-16 20:23:31.990  INFO 167142 --- [    Test worker] o.s.b.a.e.web.EndpointLinksResolver      : Exposing 14 endpoint(s) beneath base path '/actuator'
2022-03-16 20:23:32.009  INFO 167142 --- [    Test worker] o.s.b.w.embedded.tomcat.TomcatWebServer  : Tomcat started on port(s): 28852 (http) with context path ''
2022-03-16 20:23:32.018  INFO 167142 --- [    Test worker] cinema.Main                              : Started Main in 1.235 seconds (JVM running for 1.631)
2022-03-16 20:23:32.180  INFO 167142 --- [io-28852-exec-1] o.a.c.c.C.[Tomcat].[localhost].[/]       : Initializing Spring DispatcherServlet 'dispatcherServlet'
2022-03-16 20:23:32.180  INFO 167142 --- [io-28852-exec-1] o.s.web.servlet.DispatcherServlet        : Initializing Servlet 'dispatcherServlet'
2022-03-16 20:23:32.181  INFO 167142 --- [io-28852-exec-1] o.s.web.servlet.DispatcherServlet        : Completed initialization in 0 ms
?[1;31m
Start test 2?[0m
?[1;31m
Start test 3?[0m
?[1;31m
Start test 4?[0m
?[1;31m
Start test 5?[0m
]]></system-out>
  <system-err><![CDATA[]]></system-err>
</testsuite>
